# JRE version: OpenJDK Runtime Environment (21.0.9) (build 21.0.9+-14787801-b1163.94)
# Java VM: OpenJDK 64-Bit Server VM (21.0.9+-14787801-b1163.94, mixed mode, tiered, compressed oops, compressed class ptrs, g1 gc, windows-amd64)
GC Precious Log:
 CardTable entry size: 512
 Card Set container configuration: InlinePtr #cards 5 size 8 Array Of Cards #cards 12 size 40 Howl #buckets 4 coarsen threshold 1843 Howl Bitmap #cards 512 size 80 coarsen threshold 460 Card regions per heap region 1 cards per card region 2048
 CPUs: 12 total, 12 available
 Memory: 11913M
 Large Page Support: Disabled
 NUMA Support: Disabled
 Compressed Oops: Enabled (32-bit)
 Heap Region Size: 1M
 Heap Min Capacity: 8M
 Heap Initial Capacity: 188M
 Heap Max Capacity: 2G
 Pre-touch: Disabled
 Parallel Workers: 10
 Concurrent Workers: 3
 Concurrent Refinement Workers: 10
 Periodic GC: Disabled
Heap:
 garbage-first heap   total 102400K, used 87324K [0x0000000080000000, 0x0000000100000000)
  region size 1024K, 44 young (45056K), 4 survivors (4096K)
 Metaspace       used 69491K, committed 71168K, reserved 1114112K
  class space    used 9807K, committed 10624K, reserved 1048576K
GC Heap History (20 events):
Event: 3.207 GC heap before
{Heap before GC invocations=5 (full 0):
 garbage-first heap   total 71680K, used 70158K [0x0000000080000000, 0x0000000100000000)
  region size 1024K, 58 young (59392K), 9 survivors (9216K)
 Metaspace       used 29190K, committed 29760K, reserved 1114112K
  class space    used 3815K, committed 4096K, reserved 1048576K
}
Event: 3.214 GC heap after
{Heap after GC invocations=6 (full 0):
 garbage-first heap   total 83968K, used 22781K [0x0000000080000000, 0x0000000100000000)
  region size 1024K, 7 young (7168K), 7 survivors (7168K)
 Metaspace       used 29190K, committed 29760K, reserved 1114112K
  class space    used 3815K, committed 4096K, reserved 1048576K
}
Event: 3.695 GC heap before
{Heap before GC invocations=6 (full 0):
 garbage-first heap   total 83968K, used 65789K [0x0000000080000000, 0x0000000100000000)
  region size 1024K, 49 young (50176K), 7 survivors (7168K)
 Metaspace       used 34950K, committed 35776K, reserved 1114112K
  class space    used 4848K, committed 5248K, reserved 1048576K
}
Event: 3.700 GC heap after
{Heap after GC invocations=7 (full 0):
 garbage-first heap   total 83968K, used 25764K [0x0000000080000000, 0x0000000100000000)
  region size 1024K, 6 young (6144K), 6 survivors (6144K)
 Metaspace       used 34950K, committed 35776K, reserved 1114112K
  class space    used 4848K, committed 5248K, reserved 1048576K
}
Event: 3.716 GC heap before
{Heap before GC invocations=7 (full 0):
 garbage-first heap   total 83968K, used 26788K [0x0000000080000000, 0x0000000100000000)
  region size 1024K, 8 young (8192K), 6 survivors (6144K)
 Metaspace       used 35158K, committed 35968K, reserved 1114112K
  class space    used 4853K, committed 5248K, reserved 1048576K
}
Event: 3.720 GC heap after
{Heap after GC invocations=8 (full 0):
 garbage-first heap   total 83968K, used 26382K [0x0000000080000000, 0x0000000100000000)
  region size 1024K, 4 young (4096K), 4 survivors (4096K)
 Metaspace       used 35158K, committed 35968K, reserved 1114112K
  class space    used 4853K, committed 5248K, reserved 1048576K
}
Event: 4.342 GC heap before
{Heap before GC invocations=9 (full 0):
 garbage-first heap   total 83968K, used 64270K [0x0000000080000000, 0x0000000100000000)
  region size 1024K, 42 young (43008K), 4 survivors (4096K)
 Metaspace       used 42939K, committed 43840K, reserved 1114112K
  class space    used 5911K, committed 6336K, reserved 1048576K
}
Event: 4.346 GC heap after
{Heap after GC invocations=10 (full 0):
 garbage-first heap   total 83968K, used 29106K [0x0000000080000000, 0x0000000100000000)
  region size 1024K, 6 young (6144K), 6 survivors (6144K)
 Metaspace       used 42939K, committed 43840K, reserved 1114112K
  class space    used 5911K, committed 6336K, reserved 1048576K
}
Event: 4.684 GC heap before
{Heap before GC invocations=10 (full 0):
 garbage-first heap   total 83968K, used 72114K [0x0000000080000000, 0x0000000100000000)
  region size 1024K, 44 young (45056K), 6 survivors (6144K)
 Metaspace       used 46195K, committed 47168K, reserved 1114112K
  class space    used 6219K, committed 6720K, reserved 1048576K
}
Event: 4.689 GC heap after
{Heap after GC invocations=11 (full 0):
 garbage-first heap   total 84992K, used 32546K [0x0000000080000000, 0x0000000100000000)
  region size 1024K, 4 young (4096K), 4 survivors (4096K)
 Metaspace       used 46195K, committed 47168K, reserved 1114112K
  class space    used 6219K, committed 6720K, reserved 1048576K
}
Event: 5.105 GC heap before
{Heap before GC invocations=11 (full 0):
 garbage-first heap   total 84992K, used 70434K [0x0000000080000000, 0x0000000100000000)
  region size 1024K, 41 young (41984K), 4 survivors (4096K)
 Metaspace       used 50561K, committed 51840K, reserved 1114112K
  class space    used 6945K, committed 7552K, reserved 1048576K
}
Event: 5.108 GC heap after
{Heap after GC invocations=12 (full 0):
 garbage-first heap   total 84992K, used 34789K [0x0000000080000000, 0x0000000100000000)
  region size 1024K, 3 young (3072K), 3 survivors (3072K)
 Metaspace       used 50561K, committed 51840K, reserved 1114112K
  class space    used 6945K, committed 7552K, reserved 1048576K
}
Event: 5.480 GC heap before
{Heap before GC invocations=12 (full 0):
 garbage-first heap   total 84992K, used 71653K [0x0000000080000000, 0x0000000100000000)
  region size 1024K, 39 young (39936K), 3 survivors (3072K)
 Metaspace       used 55352K, committed 56832K, reserved 1114112K
  class space    used 7752K, committed 8448K, reserved 1048576K
}
Event: 5.489 GC heap after
{Heap after GC invocations=13 (full 0):
 garbage-first heap   total 84992K, used 36523K [0x0000000080000000, 0x0000000100000000)
  region size 1024K, 2 young (2048K), 2 survivors (2048K)
 Metaspace       used 55352K, committed 56832K, reserved 1114112K
  class space    used 7752K, committed 8448K, reserved 1048576K
}
Event: 5.982 GC heap before
{Heap before GC invocations=13 (full 0):
 garbage-first heap   total 84992K, used 72363K [0x0000000080000000, 0x0000000100000000)
  region size 1024K, 36 young (36864K), 2 survivors (2048K)
 Metaspace       used 57190K, committed 58688K, reserved 1114112K
  class space    used 8008K, committed 8704K, reserved 1048576K
}
Event: 5.995 GC heap after
{Heap after GC invocations=14 (full 0):
 garbage-first heap   total 102400K, used 45209K [0x0000000080000000, 0x0000000100000000)
  region size 1024K, 5 young (5120K), 5 survivors (5120K)
 Metaspace       used 57190K, committed 58688K, reserved 1114112K
  class space    used 8008K, committed 8704K, reserved 1048576K
}
Event: 6.129 GC heap before
{Heap before GC invocations=14 (full 0):
 garbage-first heap   total 102400K, used 77977K [0x0000000080000000, 0x0000000100000000)
  region size 1024K, 37 young (37888K), 5 survivors (5120K)
 Metaspace       used 58629K, committed 60096K, reserved 1114112K
  class space    used 8108K, committed 8832K, reserved 1048576K
}
Event: 6.139 GC heap after
{Heap after GC invocations=15 (full 0):
 garbage-first heap   total 102400K, used 45771K [0x0000000080000000, 0x0000000100000000)
  region size 1024K, 2 young (2048K), 2 survivors (2048K)
 Metaspace       used 58629K, committed 60096K, reserved 1114112K
  class space    used 8108K, committed 8832K, reserved 1048576K
}
Event: 6.557 GC heap before
{Heap before GC invocations=16 (full 0):
 garbage-first heap   total 102400K, used 88779K [0x0000000080000000, 0x0000000100000000)
  region size 1024K, 44 young (45056K), 2 survivors (2048K)
 Metaspace       used 64473K, committed 66112K, reserved 1114112K
  class space    used 8988K, committed 9792K, reserved 1048576K
}
Event: 6.565 GC heap after
{Heap after GC invocations=17 (full 0):
 garbage-first heap   total 102400K, used 47388K [0x0000000080000000, 0x0000000100000000)
  region size 1024K, 4 young (4096K), 4 survivors (4096K)
 Metaspace       used 64473K, committed 66112K, reserved 1114112K
  class space    used 8988K, committed 9792K, reserved 1048576K
}

