# JRE version: OpenJDK Runtime Environment (21.0.9) (build 21.0.9+-14787801-b1163.94)
# Java VM: OpenJDK 64-Bit Server VM (21.0.9+-14787801-b1163.94, mixed mode, tiered, compressed oops, compressed class ptrs, g1 gc, windows-amd64)
GC Precious Log:
 CardTable entry size: 512
 Card Set container configuration: InlinePtr #cards 5 size 8 Array Of Cards #cards 12 size 40 Howl #buckets 4 coarsen threshold 1843 Howl Bitmap #cards 512 size 80 coarsen threshold 460 Card regions per heap region 1 cards per card region 2048
 CPUs: 12 total, 12 available
 Memory: 11913M
 Large Page Support: Disabled
 NUMA Support: Disabled
 Compressed Oops: Enabled (32-bit)
 Heap Region Size: 1M
 Heap Min Capacity: 8M
 Heap Initial Capacity: 188M
 Heap Max Capacity: 2G
 Pre-touch: Disabled
 Parallel Workers: 10
 Concurrent Workers: 3
 Concurrent Refinement Workers: 10
 Periodic GC: Disabled
Heap:
 garbage-first heap   total 115712K, used 69092K [0x0000000080000000, 0x0000000100000000)
  region size 1024K, 8 young (8192K), 5 survivors (5120K)
 Metaspace       used 57865K, committed 59392K, reserved 1114112K
  class space    used 8162K, committed 8896K, reserved 1048576K
GC Heap History (20 events):
Event: 1.625 GC heap before
{Heap before GC invocations=3 (full 0):
 garbage-first heap   total 192512K, used 42316K [0x0000000080000000, 0x0000000100000000)
  region size 1024K, 36 young (36864K), 10 survivors (10240K)
 Metaspace       used 21276K, committed 21504K, reserved 1114112K
  class space    used 2523K, committed 2624K, reserved 1048576K
}
Event: 1.632 GC heap after
{Heap after GC invocations=4 (full 0):
 garbage-first heap   total 192512K, used 20807K [0x0000000080000000, 0x0000000100000000)
  region size 1024K, 9 young (9216K), 9 survivors (9216K)
 Metaspace       used 21276K, committed 21504K, reserved 1114112K
  class space    used 2523K, committed 2624K, reserved 1048576K
}
Event: 2.621 GC heap before
{Heap before GC invocations=5 (full 0):
 garbage-first heap   total 71680K, used 70983K [0x0000000080000000, 0x0000000100000000)
  region size 1024K, 58 young (59392K), 9 survivors (9216K)
 Metaspace       used 29380K, committed 29824K, reserved 1114112K
  class space    used 3819K, committed 4032K, reserved 1048576K
}
Event: 2.628 GC heap after
{Heap after GC invocations=6 (full 0):
 garbage-first heap   total 83968K, used 23597K [0x0000000080000000, 0x0000000100000000)
  region size 1024K, 7 young (7168K), 7 survivors (7168K)
 Metaspace       used 29380K, committed 29824K, reserved 1114112K
  class space    used 3819K, committed 4032K, reserved 1048576K
}
Event: 3.273 GC heap before
{Heap before GC invocations=6 (full 0):
 garbage-first heap   total 83968K, used 66605K [0x0000000080000000, 0x0000000100000000)
  region size 1024K, 49 young (50176K), 7 survivors (7168K)
 Metaspace       used 35051K, committed 35840K, reserved 1114112K
  class space    used 4848K, committed 5248K, reserved 1048576K
}
Event: 3.280 GC heap after
{Heap after GC invocations=7 (full 0):
 garbage-first heap   total 83968K, used 26325K [0x0000000080000000, 0x0000000100000000)
  region size 1024K, 6 young (6144K), 6 survivors (6144K)
 Metaspace       used 35051K, committed 35840K, reserved 1114112K
  class space    used 4848K, committed 5248K, reserved 1048576K
}
Event: 3.289 GC heap before
{Heap before GC invocations=7 (full 0):
 garbage-first heap   total 83968K, used 27349K [0x0000000080000000, 0x0000000100000000)
  region size 1024K, 8 young (8192K), 6 survivors (6144K)
 Metaspace       used 35166K, committed 35968K, reserved 1114112K
  class space    used 4869K, committed 5248K, reserved 1048576K
}
Event: 3.294 GC heap after
{Heap after GC invocations=8 (full 0):
 garbage-first heap   total 83968K, used 26542K [0x0000000080000000, 0x0000000100000000)
  region size 1024K, 4 young (4096K), 4 survivors (4096K)
 Metaspace       used 35166K, committed 35968K, reserved 1114112K
  class space    used 4869K, committed 5248K, reserved 1048576K
}
Event: 3.981 GC heap before
{Heap before GC invocations=9 (full 0):
 garbage-first heap   total 83968K, used 81838K [0x0000000080000000, 0x0000000100000000)
  region size 1024K, 41 young (41984K), 4 survivors (4096K)
 Metaspace       used 38680K, committed 39552K, reserved 1114112K
  class space    used 5414K, committed 5824K, reserved 1048576K
}
Event: 3.988 GC heap after
{Heap after GC invocations=10 (full 0):
 garbage-first heap   total 96256K, used 53624K [0x0000000080000000, 0x0000000100000000)
  region size 1024K, 7 young (7168K), 7 survivors (7168K)
 Metaspace       used 38680K, committed 39552K, reserved 1114112K
  class space    used 5414K, committed 5824K, reserved 1048576K
}
Event: 4.506 GC heap before
{Heap before GC invocations=10 (full 0):
 garbage-first heap   total 96256K, used 82296K [0x0000000080000000, 0x0000000100000000)
  region size 1024K, 36 young (36864K), 7 survivors (7168K)
 Metaspace       used 44777K, committed 45632K, reserved 1114112K
  class space    used 6183K, committed 6592K, reserved 1048576K
}
Event: 4.511 GC heap after
{Heap after GC invocations=11 (full 0):
 garbage-first heap   total 96256K, used 56170K [0x0000000080000000, 0x0000000100000000)
  region size 1024K, 3 young (3072K), 3 survivors (3072K)
 Metaspace       used 44777K, committed 45632K, reserved 1114112K
  class space    used 6183K, committed 6592K, reserved 1048576K
}
Event: 4.835 GC heap before
{Heap before GC invocations=11 (full 0):
 garbage-first heap   total 96256K, used 82794K [0x0000000080000000, 0x0000000100000000)
  region size 1024K, 30 young (30720K), 3 survivors (3072K)
 Metaspace       used 46578K, committed 47488K, reserved 1114112K
  class space    used 6392K, committed 6848K, reserved 1048576K
}
Event: 4.840 GC heap after
{Heap after GC invocations=12 (full 0):
 garbage-first heap   total 115712K, used 59702K [0x0000000080000000, 0x0000000100000000)
  region size 1024K, 4 young (4096K), 4 survivors (4096K)
 Metaspace       used 46578K, committed 47488K, reserved 1114112K
  class space    used 6392K, committed 6848K, reserved 1048576K
}
Event: 6.615 GC heap before
{Heap before GC invocations=13 (full 0):
 garbage-first heap   total 115712K, used 105782K [0x0000000080000000, 0x0000000100000000)
  region size 1024K, 45 young (46080K), 4 survivors (4096K)
 Metaspace       used 51541K, committed 52736K, reserved 1114112K
  class space    used 7073K, committed 7616K, reserved 1048576K
}
Event: 6.622 GC heap after
{Heap after GC invocations=14 (full 0):
 garbage-first heap   total 115712K, used 61563K [0x0000000080000000, 0x0000000100000000)
  region size 1024K, 6 young (6144K), 6 survivors (6144K)
 Metaspace       used 51541K, committed 52736K, reserved 1114112K
  class space    used 7073K, committed 7616K, reserved 1048576K
}
Event: 7.837 GC heap before
{Heap before GC invocations=14 (full 0):
 garbage-first heap   total 115712K, used 101499K [0x0000000080000000, 0x0000000100000000)
  region size 1024K, 45 young (46080K), 6 survivors (6144K)
 Metaspace       used 56271K, committed 57728K, reserved 1114112K
  class space    used 7866K, committed 8576K, reserved 1048576K
}
Event: 7.847 GC heap after
{Heap after GC invocations=15 (full 0):
 garbage-first heap   total 115712K, used 63160K [0x0000000080000000, 0x0000000100000000)
  region size 1024K, 3 young (3072K), 3 survivors (3072K)
 Metaspace       used 56271K, committed 57728K, reserved 1114112K
  class space    used 7866K, committed 8576K, reserved 1048576K
}
Event: 8.567 GC heap before
{Heap before GC invocations=15 (full 0):
 garbage-first heap   total 115712K, used 78520K [0x0000000080000000, 0x0000000100000000)
  region size 1024K, 19 young (19456K), 3 survivors (3072K)
 Metaspace       used 57773K, committed 59328K, reserved 1114112K
  class space    used 8146K, committed 8896K, reserved 1048576K
}
Event: 8.573 GC heap after
{Heap after GC invocations=16 (full 0):
 garbage-first heap   total 115712K, used 64996K [0x0000000080000000, 0x0000000100000000)
  region size 1024K, 5 young (5120K), 5 survivors (5120K)
 Metaspace       used 57773K, committed 59328K, reserved 1114112K
  class space    used 8146K, committed 8896K, reserved 1048576K
}

